#
# There is insufficient memory for the Java Runtime Environment to continue.
# Native memory allocation (malloc) failed to allocate 699776 bytes for Chunk::new
# Possible reasons:
#   The system is out of physical RAM or swap space
#   The process is running with CompressedOops enabled, and the Java Heap may be blocking the growth of the native heap
# Possible solutions:
#   Reduce memory load on the system
#   Increase physical memory or swap space
#   Check if swap backing store is full
#   Decrease Java heap size (-Xmx/-Xms)
#   Decrease number of Java threads
#   Decrease Java thread stack sizes (-Xss)
#   Set larger code cache with -XX:ReservedCodeCacheSize=
#   JVM is running with Zero Based Compressed Oops mode in which the Java heap is
#     placed in the first 32GB address space. The Java Heap base address is the
#     maximum limit for the native heap growth. Please use -XX:HeapBaseMinAddress
#     to set the Java Heap base and to place the Java Heap above 32GB virtual address.
# This output file may be truncated or incomplete.
#
#  Out of Memory Error (arena.cpp:189), pid=7932, tid=25372
#
# JRE version: Java(TM) SE Runtime Environment (17.0.6+9) (build 17.0.6+9-LTS-190)
# Java VM: Java HotSpot(TM) 64-Bit Server VM (17.0.6+9-LTS-190, mixed mode, sharing, tiered, compressed oops, compressed class ptrs, g1 gc, windows-amd64)
# No core dump will be written. Minidumps are not enabled by default on client versions of Windows
#

---------------  S U M M A R Y ------------

Command Line: -Dmaven.multiModuleProjectDirectory=C:\Users\perre\Documents\xpSave -Djansi.passthrough=true -Dmaven.home=C:\Program Files\JetBrains\IntelliJ IDEA Community Edition 2022.3.3\plugins\maven\lib\maven3 -Dclassworlds.conf=C:\Program Files\JetBrains\IntelliJ IDEA Community Edition 2022.3.3\plugins\maven\lib\maven3\bin\m2.conf -Dmaven.ext.class.path=C:\Program Files\JetBrains\IntelliJ IDEA Community Edition 2022.3.3\plugins\maven\lib\maven-event-listener.jar -javaagent:C:\Program Files\JetBrains\IntelliJ IDEA Community Edition 2022.3.3\lib\idea_rt.jar=64480:C:\Program Files\JetBrains\IntelliJ IDEA Community Edition 2022.3.3\bin -Dfile.encoding=UTF-8 org.codehaus.classworlds.Launcher -Didea.version=2022.3.3 package

Host: 12th Gen Intel(R) Core(TM) i7-12700H, 20 cores, 15G,  Windows 11 , 64 bit Build 22621 (10.0.22621.1344)
Time: Sun Mar 26 21:33:53 2023 Mitteleuropäische Sommerzeit elapsed time: 0.791829 seconds (0d 0h 0m 0s)

---------------  T H R E A D  ---------------

Current thread (0x000001f1c52de980):  JavaThread "C2 CompilerThread6" daemon [_thread_in_native, id=25372, stack(0x0000009668600000,0x0000009668700000)]


Current CompileTask:
C2:    792 2086   !   4       java.net.URL::<init> (543 bytes)

Stack: [0x0000009668600000,0x0000009668700000]
Native frames: (J=compiled Java code, j=interpreted, Vv=VM code, C=native code)
V  [jvm.dll+0x6734ea]
V  [jvm.dll+0x7d18f4]
V  [jvm.dll+0x7d309e]
V  [jvm.dll+0x7d3703]
V  [jvm.dll+0x2433c5]
V  [jvm.dll+0xaa46b]
V  [jvm.dll+0xaaa0c]
V  [jvm.dll+0x2a8b1f]
V  [jvm.dll+0x57bf85]
V  [jvm.dll+0x21e142]
V  [jvm.dll+0x21e51f]
V  [jvm.dll+0x217c36]
V  [jvm.dll+0x215109]
V  [jvm.dll+0x1a1730]
V  [jvm.dll+0x224b6e]
V  [jvm.dll+0x222f15]
V  [jvm.dll+0x78753c]
V  [jvm.dll+0x781a7a]
V  [jvm.dll+0x672375]
C  [ucrtbase.dll+0x29363]
C  [KERNEL32.DLL+0x126bd]
C  [ntdll.dll+0x5a9f8]


---------------  P R O C E S S  ---------------

Threads class SMR info:
_java_thread_list=0x000001f1c538edd0, length=22, elements={
0x000001f1a015cf10, 0x000001f1c4804570, 0x000001f1c4805030, 0x000001f1c480e910,
0x000001f1c48111e0, 0x000001f1c4812ba0, 0x000001f1c4813550, 0x000001f1c48142e0,
0x000001f1c4814d80, 0x000001f1c4816690, 0x000001f1c3cc3160, 0x000001f1c4924040,
0x000001f1c4924550, 0x000001f1c4969890, 0x000001f1c4a03c20, 0x000001f1c4a08370,
0x000001f1c51e1a10, 0x000001f1c53e3540, 0x000001f1c53e3a50, 0x000001f1c52ddf60,
0x000001f1c52de470, 0x000001f1c52de980
}

Java Threads: ( => current thread )
  0x000001f1a015cf10 JavaThread "main" [_thread_in_vm, id=23704, stack(0x0000009666a00000,0x0000009666b00000)]
  0x000001f1c4804570 JavaThread "Reference Handler" daemon [_thread_blocked, id=21132, stack(0x0000009667100000,0x0000009667200000)]
  0x000001f1c4805030 JavaThread "Finalizer" daemon [_thread_blocked, id=2036, stack(0x0000009667200000,0x0000009667300000)]
  0x000001f1c480e910 JavaThread "Signal Dispatcher" daemon [_thread_blocked, id=6480, stack(0x0000009667300000,0x0000009667400000)]
  0x000001f1c48111e0 JavaThread "Attach Listener" daemon [_thread_blocked, id=25284, stack(0x0000009667400000,0x0000009667500000)]
  0x000001f1c4812ba0 JavaThread "Service Thread" daemon [_thread_blocked, id=20220, stack(0x0000009667500000,0x0000009667600000)]
  0x000001f1c4813550 JavaThread "Monitor Deflation Thread" daemon [_thread_blocked, id=6272, stack(0x0000009667600000,0x0000009667700000)]
  0x000001f1c48142e0 JavaThread "C2 CompilerThread0" daemon [_thread_blocked, id=5316, stack(0x0000009667700000,0x0000009667800000)]
  0x000001f1c4814d80 JavaThread "C1 CompilerThread0" daemon [_thread_in_vm, id=24800, stack(0x0000009667800000,0x0000009667900000)]
  0x000001f1c4816690 JavaThread "Sweeper thread" daemon [_thread_blocked, id=22780, stack(0x0000009667900000,0x0000009667a00000)]
  0x000001f1c3cc3160 JavaThread "Common-Cleaner" daemon [_thread_blocked, id=21972, stack(0x0000009667a00000,0x0000009667b00000)]
  0x000001f1c4924040 JavaThread "C1 CompilerThread1" daemon [_thread_in_vm, id=24608, stack(0x0000009667b00000,0x0000009667c00000)]
  0x000001f1c4924550 JavaThread "C1 CompilerThread2" daemon [_thread_in_vm, id=11008, stack(0x0000009667c00000,0x0000009667d00000)]
  0x000001f1c4969890 JavaThread "C2 CompilerThread1" daemon [_thread_blocked, id=21716, stack(0x0000009667d00000,0x0000009667e00000)]
  0x000001f1c4a03c20 JavaThread "Monitor Ctrl-Break" daemon [_thread_in_native, id=21252, stack(0x0000009667e00000,0x0000009667f00000)]
  0x000001f1c4a08370 JavaThread "Notification Thread" daemon [_thread_blocked, id=2352, stack(0x0000009667f00000,0x0000009668000000)]
  0x000001f1c51e1a10 JavaThread "C1 CompilerThread3" daemon [_thread_blocked, id=25412, stack(0x0000009668100000,0x0000009668200000)]
  0x000001f1c53e3540 JavaThread "C2 CompilerThread2" daemon [_thread_blocked, id=23436, stack(0x0000009668200000,0x0000009668300000)]
  0x000001f1c53e3a50 JavaThread "C2 CompilerThread3" daemon [_thread_blocked, id=25448, stack(0x0000009668300000,0x0000009668400000)]
  0x000001f1c52ddf60 JavaThread "C2 CompilerThread4" daemon [_thread_blocked, id=7312, stack(0x0000009668400000,0x0000009668500000)]
  0x000001f1c52de470 JavaThread "C2 CompilerThread5" daemon [_thread_blocked, id=18772, stack(0x0000009668500000,0x0000009668600000)]
=>0x000001f1c52de980 JavaThread "C2 CompilerThread6" daemon [_thread_in_native, id=25372, stack(0x0000009668600000,0x0000009668700000)]

Other Threads:
  0x000001f1c3cd6910 VMThread "VM Thread" [stack: 0x0000009667000000,0x0000009667100000] [id=16012]
  0x000001f1a0227d20 WatcherThread [stack: 0x0000009668000000,0x0000009668100000] [id=14704]
  0x000001f1a01c8b20 GCTaskThread "GC Thread#0" [stack: 0x0000009666b00000,0x0000009666c00000] [id=18660]
  0x000001f1c589f7c0 GCTaskThread "GC Thread#1" [stack: 0x0000009668700000,0x0000009668800000] [id=23064]
  0x000001f1c5b89830 GCTaskThread "GC Thread#2" [stack: 0x0000009668800000,0x0000009668900000] [id=24816]
  0x000001f1c4aded40 GCTaskThread "GC Thread#3" [stack: 0x0000009668900000,0x0000009668a00000] [id=21980]
  0x000001f1c5788540 GCTaskThread "GC Thread#4" [stack: 0x0000009668a00000,0x0000009668b00000] [id=15508]
  0x000001f1c57cd210 GCTaskThread "GC Thread#5" [stack: 0x0000009668b00000,0x0000009668c00000] [id=15456]
  0x000001f1c52ec9d0 GCTaskThread "GC Thread#6" [stack: 0x0000009668c00000,0x0000009668d00000] [id=24408]
  0x000001f1c5b6d0b0 GCTaskThread "GC Thread#7" [stack: 0x0000009668d00000,0x0000009668e00000] [id=15664]
  0x000001f1c5be1710 GCTaskThread "GC Thread#8" [stack: 0x0000009668e00000,0x0000009668f00000] [id=3272]
  0x000001f1c57478d0 GCTaskThread "GC Thread#9" [stack: 0x0000009668f00000,0x0000009669000000] [id=12248]
  0x000001f1c5747b80 GCTaskThread "GC Thread#10" [stack: 0x0000009669000000,0x0000009669100000] [id=23860]
  0x000001f1a01d95e0 ConcurrentGCThread "G1 Main Marker" [stack: 0x0000009666c00000,0x0000009666d00000] [id=21592]
  0x000001f1a01d9ff0 ConcurrentGCThread "G1 Conc#0" [stack: 0x0000009666d00000,0x0000009666e00000] [id=16756]
  0x000001f1c3b90d50 ConcurrentGCThread "G1 Refine#0" [stack: 0x0000009666e00000,0x0000009666f00000] [id=24536]
  0x000001f1c3b94640 ConcurrentGCThread "G1 Service" [stack: 0x0000009666f00000,0x0000009667000000] [id=19432]

Threads with active compile tasks:
C2 CompilerThread0      805 2314       4       jdk.internal.reflect.ByteVectorImpl::getLength (7 bytes)
C1 CompilerThread2      805 2312   !   3       org.eclipse.sisu.inject.BeanCache::create (172 bytes)
C2 CompilerThread6      805 2086   !   4       java.net.URL::<init> (543 bytes)

VM state: not at safepoint (normal execution)

VM Mutex/Monitor currently owned by a thread:  ([mutex/lock_event])
[0x000001f1a0159cf0] MethodCompileQueue_lock - owner thread: 0x000001f1a015cf10

Heap address: 0x0000000704800000, size: 4024 MB, Compressed Oops mode: Zero based, Oop shift amount: 3

CDS archive(s) mapped at: [0x0000000800000000-0x0000000800bd0000-0x0000000800bd0000), size 12386304, SharedBaseAddress: 0x0000000800000000, ArchiveRelocationMode: 0.
Compressed class space mapped at: 0x0000000800c00000-0x0000000840c00000, reserved size: 1073741824
Narrow klass base: 0x0000000800000000, Narrow klass shift: 0, Narrow klass range: 0x100000000

GC Precious Log:
 CPUs: 20 total, 20 available
 Memory: 16088M
 Large Page Support: Disabled
 NUMA Support: Disabled
 Compressed Oops: Enabled (Zero based)
 Heap Region Size: 2M
 Heap Min Capacity: 8M
 Heap Initial Capacity: 252M
 Heap Max Capacity: 4024M
 Pre-touch: Disabled
 Parallel Workers: 15
 Concurrent Workers: 4
 Concurrent Refinement Workers: 15
 Periodic GC: Disabled

Heap:
 garbage-first heap   total 258048K, used 11809K [0x0000000704800000, 0x0000000800000000)
  region size 2048K, 5 young (10240K), 1 survivors (2048K)
 Metaspace       used 11094K, committed 11264K, reserved 1064960K
  class space    used 1329K, committed 1408K, reserved 1048576K

Heap Regions: E=young(eden), S=young(survivor), O=old, HS=humongous(starts), HC=humongous(continues), CS=collection set, F=free, OA=open archive, CA=closed archive, TAMS=top-at-mark-start (previous, next)
|   0|0x0000000704800000, 0x0000000704a00000, 0x0000000704a00000|100%| O|  |TAMS 0x0000000704800000, 0x0000000704800000| Untracked 
|   1|0x0000000704a00000, 0x0000000704b88400, 0x0000000704c00000| 76%| O|  |TAMS 0x0000000704a00000, 0x0000000704a00000| Untracked 
|   2|0x0000000704c00000, 0x0000000704c00000, 0x0000000704e00000|  0%| F|  |TAMS 0x0000000704c00000, 0x0000000704c00000| Untracked 
|   3|0x0000000704e00000, 0x0000000704e00000, 0x0000000705000000|  0%| F|  |TAMS 0x0000000704e00000, 0x0000000704e00000| Untracked 
|   4|0x0000000705000000, 0x0000000705000000, 0x0000000705200000|  0%| F|  |TAMS 0x0000000705000000, 0x0000000705000000| Untracked 
|   5|0x0000000705200000, 0x0000000705200000, 0x0000000705400000|  0%| F|  |TAMS 0x0000000705200000, 0x0000000705200000| Untracked 
|   6|0x0000000705400000, 0x0000000705400000, 0x0000000705600000|  0%| F|  |TAMS 0x0000000705400000, 0x0000000705400000| Untracked 
|   7|0x0000000705600000, 0x0000000705600000, 0x0000000705800000|  0%| F|  |TAMS 0x0000000705600000, 0x0000000705600000| Untracked 
|   8|0x0000000705800000, 0x0000000705800000, 0x0000000705a00000|  0%| F|  |TAMS 0x0000000705800000, 0x0000000705800000| Untracked 
|   9|0x0000000705a00000, 0x0000000705a00000, 0x0000000705c00000|  0%| F|  |TAMS 0x0000000705a00000, 0x0000000705a00000| Untracked 
|  10|0x0000000705c00000, 0x0000000705c00000, 0x0000000705e00000|  0%| F|  |TAMS 0x0000000705c00000, 0x0000000705c00000| Untracked 
|  11|0x0000000705e00000, 0x0000000705e00000, 0x0000000706000000|  0%| F|  |TAMS 0x0000000705e00000, 0x0000000705e00000| Untracked 
|  12|0x0000000706000000, 0x0000000706000000, 0x0000000706200000|  0%| F|  |TAMS 0x0000000706000000, 0x0000000706000000| Untracked 
|  13|0x0000000706200000, 0x0000000706200000, 0x0000000706400000|  0%| F|  |TAMS 0x0000000706200000, 0x0000000706200000| Untracked 
|  14|0x0000000706400000, 0x0000000706400000, 0x0000000706600000|  0%| F|  |TAMS 0x0000000706400000, 0x0000000706400000| Untracked 
|  15|0x0000000706600000, 0x0000000706600000, 0x0000000706800000|  0%| F|  |TAMS 0x0000000706600000, 0x0000000706600000| Untracked 
|  16|0x0000000706800000, 0x0000000706800000, 0x0000000706a00000|  0%| F|  |TAMS 0x0000000706800000, 0x0000000706800000| Untracked 
|  17|0x0000000706a00000, 0x0000000706a00000, 0x0000000706c00000|  0%| F|  |TAMS 0x0000000706a00000, 0x0000000706a00000| Untracked 
|  18|0x0000000706c00000, 0x0000000706c00000, 0x0000000706e00000|  0%| F|  |TAMS 0x0000000706c00000, 0x0000000706c00000| Untracked 
|  19|0x0000000706e00000, 0x0000000706e00000, 0x0000000707000000|  0%| F|  |TAMS 0x0000000706e00000, 0x0000000706e00000| Untracked 
|  20|0x0000000707000000, 0x0000000707000000, 0x0000000707200000|  0%| F|  |TAMS 0x0000000707000000, 0x0000000707000000| Untracked 
|  21|0x0000000707200000, 0x0000000707200000, 0x0000000707400000|  0%| F|  |TAMS 0x0000000707200000, 0x0000000707200000| Untracked 
|  22|0x0000000707400000, 0x0000000707400000, 0x0000000707600000|  0%| F|  |TAMS 0x0000000707400000, 0x0000000707400000| Untracked 
|  23|0x0000000707600000, 0x0000000707600000, 0x0000000707800000|  0%| F|  |TAMS 0x0000000707600000, 0x0000000707600000| Untracked 
|  24|0x0000000707800000, 0x0000000707800000, 0x0000000707a00000|  0%| F|  |TAMS 0x0000000707800000, 0x0000000707800000| Untracked 
|  25|0x0000000707a00000, 0x0000000707a00000, 0x0000000707c00000|  0%| F|  |TAMS 0x0000000707a00000, 0x0000000707a00000| Untracked 
|  26|0x0000000707c00000, 0x0000000707c00000, 0x0000000707e00000|  0%| F|  |TAMS 0x0000000707c00000, 0x0000000707c00000| Untracked 
|  27|0x0000000707e00000, 0x0000000707e00000, 0x0000000708000000|  0%| F|  |TAMS 0x0000000707e00000, 0x0000000707e00000| Untracked 
|  28|0x0000000708000000, 0x0000000708000000, 0x0000000708200000|  0%| F|  |TAMS 0x0000000708000000, 0x0000000708000000| Untracked 
|  29|0x0000000708200000, 0x0000000708200000, 0x0000000708400000|  0%| F|  |TAMS 0x0000000708200000, 0x0000000708200000| Untracked 
|  30|0x0000000708400000, 0x0000000708400000, 0x0000000708600000|  0%| F|  |TAMS 0x0000000708400000, 0x0000000708400000| Untracked 
|  31|0x0000000708600000, 0x0000000708600000, 0x0000000708800000|  0%| F|  |TAMS 0x0000000708600000, 0x0000000708600000| Untracked 
|  32|0x0000000708800000, 0x0000000708800000, 0x0000000708a00000|  0%| F|  |TAMS 0x0000000708800000, 0x0000000708800000| Untracked 
|  33|0x0000000708a00000, 0x0000000708a00000, 0x0000000708c00000|  0%| F|  |TAMS 0x0000000708a00000, 0x0000000708a00000| Untracked 
|  34|0x0000000708c00000, 0x0000000708c00000, 0x0000000708e00000|  0%| F|  |TAMS 0x0000000708c00000, 0x0000000708c00000| Untracked 
|  35|0x0000000708e00000, 0x0000000708e00000, 0x0000000709000000|  0%| F|  |TAMS 0x0000000708e00000, 0x0000000708e00000| Untracked 
|  36|0x0000000709000000, 0x0000000709000000, 0x0000000709200000|  0%| F|  |TAMS 0x0000000709000000, 0x0000000709000000| Untracked 
|  37|0x0000000709200000, 0x0000000709200000, 0x0000000709400000|  0%| F|  |TAMS 0x0000000709200000, 0x0000000709200000| Untracked 
|  38|0x0000000709400000, 0x0000000709400000, 0x0000000709600000|  0%| F|  |TAMS 0x0000000709400000, 0x0000000709400000| Untracked 
|  39|0x0000000709600000, 0x0000000709600000, 0x0000000709800000|  0%| F|  |TAMS 0x0000000709600000, 0x0000000709600000| Untracked 
|  40|0x0000000709800000, 0x0000000709800000, 0x0000000709a00000|  0%| F|  |TAMS 0x0000000709800000, 0x0000000709800000| Untracked 
|  41|0x0000000709a00000, 0x0000000709a00000, 0x0000000709c00000|  0%| F|  |TAMS 0x0000000709a00000, 0x0000000709a00000| Untracked 
|  42|0x0000000709c00000, 0x0000000709c00000, 0x0000000709e00000|  0%| F|  |TAMS 0x0000000709c00000, 0x0000000709c00000| Untracked 
|  43|0x0000000709e00000, 0x0000000709e00000, 0x000000070a000000|  0%| F|  |TAMS 0x0000000709e00000, 0x0000000709e00000| Untracked 
|  44|0x000000070a000000, 0x000000070a000000, 0x000000070a200000|  0%| F|  |TAMS 0x000000070a000000, 0x000000070a000000| Untracked 
|  45|0x000000070a200000, 0x000000070a200000, 0x000000070a400000|  0%| F|  |TAMS 0x000000070a200000, 0x000000070a200000| Untracked 
|  46|0x000000070a400000, 0x000000070a400000, 0x000000070a600000|  0%| F|  |TAMS 0x000000070a400000, 0x000000070a400000| Untracked 
|  47|0x000000070a600000, 0x000000070a600000, 0x000000070a800000|  0%| F|  |TAMS 0x000000070a600000, 0x000000070a600000| Untracked 
|  48|0x000000070a800000, 0x000000070a800000, 0x000000070aa00000|  0%| F|  |TAMS 0x000000070a800000, 0x000000070a800000| Untracked 
|  49|0x000000070aa00000, 0x000000070aa00000, 0x000000070ac00000|  0%| F|  |TAMS 0x000000070aa00000, 0x000000070aa00000| Untracked 
|  50|0x000000070ac00000, 0x000000070ac00000, 0x000000070ae00000|  0%| F|  |TAMS 0x000000070ac00000, 0x000000070ac00000| Untracked 
|  51|0x000000070ae00000, 0x000000070ae00000, 0x000000070b000000|  0%| F|  |TAMS 0x000000070ae00000, 0x000000070ae00000| Untracked 
|  52|0x000000070b000000, 0x000000070b000000, 0x000000070b200000|  0%| F|  |TAMS 0x000000070b000000, 0x000000070b000000| Untracked 
|  53|0x000000070b200000, 0x000000070b200000, 0x000000070b400000|  0%| F|  |TAMS 0x000000070b200000, 0x000000070b200000| Untracked 
|  54|0x000000070b400000, 0x000000070b400000, 0x000000070b600000|  0%| F|  |TAMS 0x000000070b400000, 0x000000070b400000| Untracked 
|  55|0x000000070b600000, 0x000000070b600000, 0x000000070b800000|  0%| F|  |TAMS 0x000000070b600000, 0x000000070b600000| Untracked 
|  56|0x000000070b800000, 0x000000070b800000, 0x000000070ba00000|  0%| F|  |TAMS 0x000000070b800000, 0x000000070b800000| Untracked 
|  57|0x000000070ba00000, 0x000000070ba00000, 0x000000070bc00000|  0%| F|  |TAMS 0x000000070ba00000, 0x000000070ba00000| Untracked 
|  58|0x000000070bc00000, 0x000000070bc00000, 0x000000070be00000|  0%| F|  |TAMS 0x000000070bc00000, 0x000000070bc00000| Untracked 
|  59|0x000000070be00000, 0x000000070be00000, 0x000000070c000000|  0%| F|  |TAMS 0x000000070be00000, 0x000000070be00000| Untracked 
|  60|0x000000070c000000, 0x000000070c000000, 0x000000070c200000|  0%| F|  |TAMS 0x000000070c000000, 0x000000070c000000| Untracked 
|  61|0x000000070c200000, 0x000000070c200000, 0x000000070c400000|  0%| F|  |TAMS 0x000000070c200000, 0x000000070c200000| Untracked 
|  62|0x000000070c400000, 0x000000070c400000, 0x000000070c600000|  0%| F|  |TAMS 0x000000070c400000, 0x000000070c400000| Untracked 
|  63|0x000000070c600000, 0x000000070c600000, 0x000000070c800000|  0%| F|  |TAMS 0x000000070c600000, 0x000000070c600000| Untracked 
|  64|0x000000070c800000, 0x000000070c800000, 0x000000070ca00000|  0%| F|  |TAMS 0x000000070c800000, 0x000000070c800000| Untracked 
|  65|0x000000070ca00000, 0x000000070ca00000, 0x000000070cc00000|  0%| F|  |TAMS 0x000000070ca00000, 0x000000070ca00000| Untracked 
|  66|0x000000070cc00000, 0x000000070cc00000, 0x000000070ce00000|  0%| F|  |TAMS 0x000000070cc00000, 0x000000070cc00000| Untracked 
|  67|0x000000070ce00000, 0x000000070ce00000, 0x000000070d000000|  0%| F|  |TAMS 0x000000070ce00000, 0x000000070ce00000| Untracked 
|  68|0x000000070d000000, 0x000000070d000000, 0x000000070d200000|  0%| F|  |TAMS 0x000000070d000000, 0x000000070d000000| Untracked 
|  69|0x000000070d200000, 0x000000070d200000, 0x000000070d400000|  0%| F|  |TAMS 0x000000070d200000, 0x000000070d200000| Untracked 
|  70|0x000000070d400000, 0x000000070d400000, 0x000000070d600000|  0%| F|  |TAMS 0x000000070d400000, 0x000000070d400000| Untracked 
|  71|0x000000070d600000, 0x000000070d600000, 0x000000070d800000|  0%| F|  |TAMS 0x000000070d600000, 0x000000070d600000| Untracked 
|  72|0x000000070d800000, 0x000000070d800000, 0x000000070da00000|  0%| F|  |TAMS 0x000000070d800000, 0x000000070d800000| Untracked 
|  73|0x000000070da00000, 0x000000070da00000, 0x000000070dc00000|  0%| F|  |TAMS 0x000000070da00000, 0x000000070da00000| Untracked 
|  74|0x000000070dc00000, 0x000000070dc00000, 0x000000070de00000|  0%| F|  |TAMS 0x000000070dc00000, 0x000000070dc00000| Untracked 
|  75|0x000000070de00000, 0x000000070de00000, 0x000000070e000000|  0%| F|  |TAMS 0x000000070de00000, 0x000000070de00000| Untracked 
|  76|0x000000070e000000, 0x000000070e000000, 0x000000070e200000|  0%| F|  |TAMS 0x000000070e000000, 0x000000070e000000| Untracked 
|  77|0x000000070e200000, 0x000000070e200000, 0x000000070e400000|  0%| F|  |TAMS 0x000000070e200000, 0x000000070e200000| Untracked 
|  78|0x000000070e400000, 0x000000070e400000, 0x000000070e600000|  0%| F|  |TAMS 0x000000070e400000, 0x000000070e400000| Untracked 
|  79|0x000000070e600000, 0x000000070e600000, 0x000000070e800000|  0%| F|  |TAMS 0x000000070e600000, 0x000000070e600000| Untracked 
|  80|0x000000070e800000, 0x000000070e800000, 0x000000070ea00000|  0%| F|  |TAMS 0x000000070e800000, 0x000000070e800000| Untracked 
|  81|0x000000070ea00000, 0x000000070ea00000, 0x000000070ec00000|  0%| F|  |TAMS 0x000000070ea00000, 0x000000070ea00000| Untracked 
|  82|0x000000070ec00000, 0x000000070ec00000, 0x000000070ee00000|  0%| F|  |TAMS 0x000000070ec00000, 0x000000070ec00000| Untracked 
|  83|0x000000070ee00000, 0x000000070ee00000, 0x000000070f000000|  0%| F|  |TAMS 0x000000070ee00000, 0x000000070ee00000| Untracked 
|  84|0x000000070f000000, 0x000000070f000000, 0x000000070f200000|  0%| F|  |TAMS 0x000000070f000000, 0x000000070f000000| Untracked 
|  85|0x000000070f200000, 0x000000070f200000, 0x000000070f400000|  0%| F|  |TAMS 0x000000070f200000, 0x000000070f200000| Untracked 
|  86|0x000000070f400000, 0x000000070f400000, 0x000000070f600000|  0%| F|  |TAMS 0x000000070f400000, 0x000000070f400000| Untracked 
|  87|0x000000070f600000, 0x000000070f600000, 0x000000070f800000|  0%| F|  |TAMS 0x000000070f600000, 0x000000070f600000| Untracked 
|  88|0x000000070f800000, 0x000000070f800000, 0x000000070fa00000|  0%| F|  |TAMS 0x000000070f800000, 0x000000070f800000| Untracked 
|  89|0x000000070fa00000, 0x000000070fa00000, 0x000000070fc00000|  0%| F|  |TAMS 0x000000070fa00000, 0x000000070fa00000| Untracked 
|  90|0x000000070fc00000, 0x000000070fc00000, 0x000000070fe00000|  0%| F|  |TAMS 0x000000070fc00000, 0x000000070fc00000| Untracked 
|  91|0x000000070fe00000, 0x000000070fe00000, 0x0000000710000000|  0%| F|  |TAMS 0x000000070fe00000, 0x000000070fe00000| Untracked 
|  92|0x0000000710000000, 0x0000000710000000, 0x0000000710200000|  0%| F|  |TAMS 0x0000000710000000, 0x0000000710000000| Untracked 
|  93|0x0000000710200000, 0x0000000710200000, 0x0000000710400000|  0%| F|  |TAMS 0x0000000710200000, 0x0000000710200000| Untracked 
|  94|0x0000000710400000, 0x0000000710400000, 0x0000000710600000|  0%| F|  |TAMS 0x0000000710400000, 0x0000000710400000| Untracked 
|  95|0x0000000710600000, 0x0000000710600000, 0x0000000710800000|  0%| F|  |TAMS 0x0000000710600000, 0x0000000710600000| Untracked 
|  96|0x0000000710800000, 0x0000000710800000, 0x0000000710a00000|  0%| F|  |TAMS 0x0000000710800000, 0x0000000710800000| Untracked 
|  97|0x0000000710a00000, 0x0000000710a00000, 0x0000000710c00000|  0%| F|  |TAMS 0x0000000710a00000, 0x0000000710a00000| Untracked 
|  98|0x0000000710c00000, 0x0000000710c00000, 0x0000000710e00000|  0%| F|  |TAMS 0x0000000710c00000, 0x0000000710c00000| Untracked 
|  99|0x0000000710e00000, 0x0000000710e00000, 0x0000000711000000|  0%| F|  |TAMS 0x0000000710e00000, 0x0000000710e00000| Untracked 
| 100|0x0000000711000000, 0x0000000711000000, 0x0000000711200000|  0%| F|  |TAMS 0x0000000711000000, 0x0000000711000000| Untracked 
| 101|0x0000000711200000, 0x0000000711200000, 0x0000000711400000|  0%| F|  |TAMS 0x0000000711200000, 0x0000000711200000| Untracked 
| 102|0x0000000711400000, 0x0000000711400000, 0x0000000711600000|  0%| F|  |TAMS 0x0000000711400000, 0x0000000711400000| Untracked 
| 103|0x0000000711600000, 0x0000000711600000, 0x0000000711800000|  0%| F|  |TAMS 0x0000000711600000, 0x0000000711600000| Untracked 
| 104|0x0000000711800000, 0x0000000711800000, 0x0000000711a00000|  0%| F|  |TAMS 0x0000000711800000, 0x0000000711800000| Untracked 
| 105|0x0000000711a00000, 0x0000000711a00000, 0x0000000711c00000|  0%| F|  |TAMS 0x0000000711a00000, 0x0000000711a00000| Untracked 
| 106|0x0000000711c00000, 0x0000000711c00000, 0x0000000711e00000|  0%| F|  |TAMS 0x0000000711c00000, 0x0000000711c00000| Untracked 
| 107|0x0000000711e00000, 0x0000000711e00000, 0x0000000712000000|  0%| F|  |TAMS 0x0000000711e00000, 0x0000000711e00000| Untracked 
| 108|0x0000000712000000, 0x0000000712200000, 0x0000000712200000|100%| S|CS|TAMS 0x0000000712000000, 0x0000000712000000| Complete 
| 109|0x0000000712200000, 0x0000000712200000, 0x0000000712400000|  0%| F|  |TAMS 0x0000000712200000, 0x0000000712200000| Untracked 
| 110|0x0000000712400000, 0x0000000712400000, 0x0000000712600000|  0%| F|  |TAMS 0x0000000712400000, 0x0000000712400000| Untracked 
| 111|0x0000000712600000, 0x0000000712600000, 0x0000000712800000|  0%| F|  |TAMS 0x0000000712600000, 0x0000000712600000| Untracked 
| 112|0x0000000712800000, 0x0000000712800000, 0x0000000712a00000|  0%| F|  |TAMS 0x0000000712800000, 0x0000000712800000| Untracked 
| 113|0x0000000712a00000, 0x0000000712a00000, 0x0000000712c00000|  0%| F|  |TAMS 0x0000000712a00000, 0x0000000712a00000| Untracked 
| 114|0x0000000712c00000, 0x0000000712c00000, 0x0000000712e00000|  0%| F|  |TAMS 0x0000000712c00000, 0x0000000712c00000| Untracked 
| 115|0x0000000712e00000, 0x0000000712e00000, 0x0000000713000000|  0%| F|  |TAMS 0x0000000712e00000, 0x0000000712e00000| Untracked 
| 116|0x0000000713000000, 0x0000000713000000, 0x0000000713200000|  0%| F|  |TAMS 0x0000000713000000, 0x0000000713000000| Untracked 
| 117|0x0000000713200000, 0x0000000713200000, 0x0000000713400000|  0%| F|  |TAMS 0x0000000713200000, 0x0000000713200000| Untracked 
| 118|0x0000000713400000, 0x0000000713400000, 0x0000000713600000|  0%| F|  |TAMS 0x0000000713400000, 0x0000000713400000| Untracked 
| 119|0x0000000713600000, 0x0000000713600000, 0x0000000713800000|  0%| F|  |TAMS 0x0000000713600000, 0x0000000713600000| Untracked 
| 120|0x0000000713800000, 0x0000000713800000, 0x0000000713a00000|  0%| F|  |TAMS 0x0000000713800000, 0x0000000713800000| Untracked 
| 121|0x0000000713a00000, 0x0000000713a00000, 0x0000000713c00000|  0%| F|  |TAMS 0x0000000713a00000, 0x0000000713a00000| Untracked 
| 122|0x0000000713c00000, 0x0000000713e00000, 0x0000000713e00000|100%| E|  |TAMS 0x0000000713c00000, 0x0000000713c00000| Complete 
| 123|0x0000000713e00000, 0x0000000714000000, 0x0000000714000000|100%| E|CS|TAMS 0x0000000713e00000, 0x0000000713e00000| Complete 
| 124|0x0000000714000000, 0x0000000714200000, 0x0000000714200000|100%| E|CS|TAMS 0x0000000714000000, 0x0000000714000000| Complete 
| 125|0x0000000714200000, 0x0000000714400000, 0x0000000714400000|100%| E|CS|TAMS 0x0000000714200000, 0x0000000714200000| Complete 

Card table byte_map: [0x000001f1b7c60000,0x000001f1b8440000] _byte_map_base: 0x000001f1b443c000

Marking Bits (Prev, Next): (CMBitMap*) 0x000001f1a01c9130, (CMBitMap*) 0x000001f1a01c9170
 Prev Bits: [0x000001f1b8c20000, 0x000001f1bcb00000)
 Next Bits: [0x000001f1bcb00000, 0x000001f1c09e0000)

Polling page: 0x000001f19e0c0000

Metaspace:

Usage:
  Non-class:      9.55 MB used.
      Class:      1.30 MB used.
       Both:     10.85 MB used.

Virtual space:
  Non-class space:       16.00 MB reserved,       9.62 MB ( 60%) committed,  2 nodes.
      Class space:        1.00 GB reserved,       1.44 MB ( <1%) committed,  1 nodes.
             Both:        1.02 GB reserved,      11.06 MB (  1%) committed. 

Chunk freelists:
   Non-Class:  1.36 MB
       Class:  2.44 MB
        Both:  3.80 MB

MaxMetaspaceSize: unlimited
CompressedClassSpaceSize: 1.00 GB
Initial GC threshold: 21.00 MB
Current GC threshold: 21.00 MB
CDS: on
MetaspaceReclaimPolicy: balanced
 - commit_granule_bytes: 65536.
 - commit_granule_words: 8192.
 - virtual_space_node_default_size: 1048576.
 - enlarge_chunks_in_place: 1.
 - new_chunks_are_fully_committed: 0.
 - uncommit_free_chunks: 1.
 - use_allocation_guard: 0.
 - handle_deallocations: 1.


Internal statistics:

num_allocs_failed_limit: 0.
num_arena_births: 62.
num_arena_deaths: 0.
num_vsnodes_births: 3.
num_vsnodes_deaths: 0.
num_space_committed: 177.
num_space_uncommitted: 0.
num_chunks_returned_to_freelist: 0.
num_chunks_taken_from_freelist: 411.
num_chunk_merges: 0.
num_chunk_splits: 291.
num_chunks_enlarged: 232.
num_purges: 0.
num_inconsistent_stats: 0.

CodeHeap 'non-profiled nmethods': size=119168Kb used=927Kb max_used=927Kb free=118240Kb
 bounds [0x000001f1af580000, 0x000001f1af7f0000, 0x000001f1b69e0000]
CodeHeap 'profiled nmethods': size=119104Kb used=4678Kb max_used=4678Kb free=114425Kb
 bounds [0x000001f1a79e0000, 0x000001f1a7e80000, 0x000001f1aee30000]
CodeHeap 'non-nmethods': size=7488Kb used=2859Kb max_used=2886Kb free=4628Kb
 bounds [0x000001f1aee30000, 0x000001f1af110000, 0x000001f1af580000]
 total_blobs=2784 nmethods=2325 adapters=368
 compilation: enabled
              stopped_count=0, restarted_count=0
 full_count=0

Compilation events (20 events):
Event: 0.787 Thread 0x000001f1c4814d80 2200       3       com.google.inject.internal.CycleDetectingLock$CycleDetectingLockFactory$ReentrantCycleDetectingLock::detectPotentialLocksCycle (85 bytes)
Event: 0.787 Thread 0x000001f1c4924550 nmethod 2199 0x000001f1a7e23090 code [0x000001f1a7e23240, 0x000001f1a7e23598]
Event: 0.787 Thread 0x000001f1c4924550 2202       3       com.google.common.collect.LinkedHashMultimap::put (7 bytes)
Event: 0.787 Thread 0x000001f1c4814d80 nmethod 2200 0x000001f1a7e23690 code [0x000001f1a7e238a0, 0x000001f1a7e23df8]
Event: 0.787 Thread 0x000001f1c4814d80 2203       3       com.google.common.collect.AbstractSetMultimap::put (7 bytes)
Event: 0.787 Thread 0x000001f1c4924550 nmethod 2202 0x000001f1a7e24010 code [0x000001f1a7e241c0, 0x000001f1a7e24368]
Event: 0.787 Thread 0x000001f1c4814d80 nmethod 2203 0x000001f1a7e24490 code [0x000001f1a7e24620, 0x000001f1a7e24768]
Event: 0.788 Thread 0x000001f1c51e1a10 nmethod 2204 0x000001f1a7e24810 code [0x000001f1a7e24b00, 0x000001f1a7e25fa8]
Event: 0.788 Thread 0x000001f1c53e3540 2205       4       java.lang.Character::charCount (12 bytes)
Event: 0.788 Thread 0x000001f1c4924040 nmethod 2196 0x000001f1a7e26690 code [0x000001f1a7e26b60, 0x000001f1a7e28e58]
Event: 0.788 Thread 0x000001f1c53e3540 nmethod 2205 0x000001f1af65d010 code [0x000001f1af65d180, 0x000001f1af65d1f8]
Event: 0.789 Thread 0x000001f1c4969890 2206       4       com.google.inject.internal.LinkedBindingImpl::acceptTargetVisitor (8 bytes)
Event: 0.789 Thread 0x000001f1c52ddf60 nmethod 2127 0x000001f1af65d310 code [0x000001f1af65d580, 0x000001f1af65e590]
Event: 0.789 Thread 0x000001f1c51e1a10 2207       3       org.eclipse.sisu.bean.BeanPropertyField::getAnnotation (9 bytes)
Event: 0.789 Thread 0x000001f1c4969890 nmethod 2206 0x000001f1af65ef10 code [0x000001f1af65f0a0, 0x000001f1af65f178]
Event: 0.790 Thread 0x000001f1c4814d80 2208       3       org.eclipse.sisu.bean.BeanScheduler$CycleActivator$1::visitNoScoping (5 bytes)
Event: 0.790 Thread 0x000001f1c4924040 2209       3       org.eclipse.sisu.bean.BeanScheduler$CycleActivator$1::visitNoScoping (4 bytes)
Event: 0.790 Thread 0x000001f1c4814d80 nmethod 2208 0x000001f1a7e29d90 code [0x000001f1a7e29f20, 0x000001f1a7e2a098]
Event: 0.790 Thread 0x000001f1c51e1a10 nmethod 2207 0x000001f1a7e2a190 code [0x000001f1a7e2a3a0, 0x000001f1a7e2aac8]
Event: 0.790 Thread 0x000001f1c4924040 nmethod 2209 0x000001f1a7e2ad10 code [0x000001f1a7e2aea0, 0x000001f1a7e2afb8]

GC Heap History (4 events):
Event: 0.357 GC heap before
{Heap before GC invocations=0 (full 0):
 garbage-first heap   total 258048K, used 22528K [0x0000000704800000, 0x0000000800000000)
  region size 2048K, 11 young (22528K), 0 survivors (0K)
 Metaspace       used 5671K, committed 5824K, reserved 1056768K
  class space    used 643K, committed 704K, reserved 1048576K
}
Event: 0.361 GC heap after
{Heap after GC invocations=1 (full 0):
 garbage-first heap   total 258048K, used 4084K [0x0000000704800000, 0x0000000800000000)
  region size 2048K, 2 young (4096K), 2 survivors (4096K)
 Metaspace       used 5671K, committed 5824K, reserved 1056768K
  class space    used 643K, committed 704K, reserved 1048576K
}
Event: 0.681 GC heap before
{Heap before GC invocations=1 (full 0):
 garbage-first heap   total 258048K, used 34804K [0x0000000704800000, 0x0000000800000000)
  region size 2048K, 17 young (34816K), 2 survivors (4096K)
 Metaspace       used 10048K, committed 10240K, reserved 1064960K
  class space    used 1212K, committed 1344K, reserved 1048576K
}
Event: 0.684 GC heap after
{Heap after GC invocations=2 (full 0):
 garbage-first heap   total 258048K, used 5665K [0x0000000704800000, 0x0000000800000000)
  region size 2048K, 1 young (2048K), 1 survivors (2048K)
 Metaspace       used 10048K, committed 10240K, reserved 1064960K
  class space    used 1212K, committed 1344K, reserved 1048576K
}

Deoptimization events (20 events):
Event: 0.639 Thread 0x000001f1a015cf10 Uncommon trap: trap_request=0xffffffc6 fr.pc=0x000001f1af60b1f8 relative=0x0000000000000438
Event: 0.639 Thread 0x000001f1a015cf10 Uncommon trap: reason=bimorphic_or_optimized_type_check action=maybe_recompile pc=0x000001f1af60b1f8 method=java.util.HashMap.getNode(Ljava/lang/Object;)Ljava/util/HashMap$Node; @ 128 c2
Event: 0.639 Thread 0x000001f1a015cf10 DEOPT PACKING pc=0x000001f1af60b1f8 sp=0x0000009666afdb20
Event: 0.639 Thread 0x000001f1a015cf10 DEOPT UNPACKING pc=0x000001f1aee823a3 sp=0x0000009666afda98 mode 2
Event: 0.639 Thread 0x000001f1a015cf10 Uncommon trap: trap_request=0xffffffc6 fr.pc=0x000001f1af60b1f8 relative=0x0000000000000438
Event: 0.639 Thread 0x000001f1a015cf10 Uncommon trap: reason=bimorphic_or_optimized_type_check action=maybe_recompile pc=0x000001f1af60b1f8 method=java.util.HashMap.getNode(Ljava/lang/Object;)Ljava/util/HashMap$Node; @ 128 c2
Event: 0.639 Thread 0x000001f1a015cf10 DEOPT PACKING pc=0x000001f1af60b1f8 sp=0x0000009666afdb20
Event: 0.639 Thread 0x000001f1a015cf10 DEOPT UNPACKING pc=0x000001f1aee823a3 sp=0x0000009666afda98 mode 2
Event: 0.641 Thread 0x000001f1a015cf10 Uncommon trap: trap_request=0xffffffc6 fr.pc=0x000001f1af60b1f8 relative=0x0000000000000438
Event: 0.641 Thread 0x000001f1a015cf10 Uncommon trap: reason=bimorphic_or_optimized_type_check action=maybe_recompile pc=0x000001f1af60b1f8 method=java.util.HashMap.getNode(Ljava/lang/Object;)Ljava/util/HashMap$Node; @ 128 c2
Event: 0.641 Thread 0x000001f1a015cf10 DEOPT PACKING pc=0x000001f1af60b1f8 sp=0x0000009666afdbb0
Event: 0.641 Thread 0x000001f1a015cf10 DEOPT UNPACKING pc=0x000001f1aee823a3 sp=0x0000009666afdb28 mode 2
Event: 0.685 Thread 0x000001f1a015cf10 DEOPT PACKING pc=0x000001f1a7cfef34 sp=0x0000009666afdb80
Event: 0.685 Thread 0x000001f1a015cf10 DEOPT UNPACKING pc=0x000001f1aee82b43 sp=0x0000009666afd0e0 mode 0
Event: 0.711 Thread 0x000001f1a015cf10 DEOPT PACKING pc=0x000001f1a7d96a94 sp=0x0000009666afce40
Event: 0.711 Thread 0x000001f1a015cf10 DEOPT UNPACKING pc=0x000001f1aee82b43 sp=0x0000009666afc2f8 mode 0
Event: 0.744 Thread 0x000001f1a015cf10 Uncommon trap: trap_request=0xffffff45 fr.pc=0x000001f1af64ec3c relative=0x000000000000019c
Event: 0.744 Thread 0x000001f1a015cf10 Uncommon trap: reason=unstable_if action=reinterpret pc=0x000001f1af64ec3c method=java.util.WeakHashMap.expungeStaleEntries()V @ 9 c2
Event: 0.744 Thread 0x000001f1a015cf10 DEOPT PACKING pc=0x000001f1af64ec3c sp=0x0000009666afe230
Event: 0.744 Thread 0x000001f1a015cf10 DEOPT UNPACKING pc=0x000001f1aee823a3 sp=0x0000009666afe1c8 mode 2

Classes unloaded (0 events):
No events

Classes redefined (0 events):
No events

Internal exceptions (7 events):
Event: 0.052 Thread 0x000001f1c4a03c20 Exception <a 'java/lang/NoSuchMethodError'{0x0000000714075968}: 'java.lang.Object java.lang.invoke.DirectMethodHandle$Holder.invokeStaticInit(java.lang.Object)'> (0x0000000714075968) 
thrown [s\open\src\hotspot\share\interpreter\linkResolver.cpp, line 759]
Event: 0.057 Thread 0x000001f1c4a03c20 Exception <a 'java/lang/NoSuchMethodError'{0x00000007140836a8}: 'void java.lang.invoke.DirectMethodHandle$Holder.invokeStatic(java.lang.Object, java.lang.Object)'> (0x00000007140836a8) 
thrown [s\open\src\hotspot\share\interpreter\linkResolver.cpp, line 759]
Event: 0.115 Thread 0x000001f1a015cf10 Exception <a 'java/lang/NoSuchMethodError'{0x0000000713c1d628}: 'java.lang.Object java.lang.invoke.DirectMethodHandle$Holder.invokeStaticInit(java.lang.Object, int, int, int, int)'> (0x0000000713c1d628) 
thrown [s\open\src\hotspot\share\interpreter\linkResolver.cpp, line 759]
Event: 0.139 Thread 0x000001f1a015cf10 Exception <a 'java/lang/NoSuchMethodError'{0x0000000713caaed0}: 'java.lang.Object java.lang.invoke.DirectMethodHandle$Holder.invokeStaticInit(java.lang.Object, java.lang.Object, int, int, int, int)'> (0x0000000713caaed0) 
thrown [s\open\src\hotspot\share\interpreter\linkResolver.cpp, line 759]
Event: 0.311 Thread 0x000001f1a015cf10 Exception <a 'java/lang/NoSuchMethodError'{0x0000000713392590}: 'java.lang.Object java.lang.invoke.DirectMethodHandle$Holder.newInvokeSpecial(java.lang.Object, java.lang.Object, java.lang.Object, java.lang.Object, java.lang.Object)'> (0x0000000713392590) 
thrown [s\open\src\hotspot\share\interpreter\linkResolver.cpp, line 759]
Event: 0.742 Thread 0x000001f1a015cf10 Exception <a 'java/lang/NoClassDefFoundError'{0x0000000713eacd78}: com/google/inject/servlet/ServletModuleTargetVisitor> (0x0000000713eacd78) 
thrown [s\open\src\hotspot\share\classfile\systemDictionary.cpp, line 245]
Event: 0.742 Thread 0x000001f1a015cf10 Exception <a 'java/lang/NoClassDefFoundError'{0x0000000713eaea40}: javax/annotation/Priority> (0x0000000713eaea40) 
thrown [s\open\src\hotspot\share\classfile\systemDictionary.cpp, line 245]

VM Operations (20 events):
Event: 0.351 Executing VM operation: ICBufferFull
Event: 0.351 Executing VM operation: ICBufferFull done
Event: 0.357 Executing VM operation: G1CollectForAllocation
Event: 0.361 Executing VM operation: G1CollectForAllocation done
Event: 0.524 Executing VM operation: HandshakeAllThreads
Event: 0.524 Executing VM operation: HandshakeAllThreads done
Event: 0.586 Executing VM operation: HandshakeAllThreads
Event: 0.586 Executing VM operation: HandshakeAllThreads done
Event: 0.590 Executing VM operation: HandshakeAllThreads
Event: 0.590 Executing VM operation: HandshakeAllThreads done
Event: 0.680 Executing VM operation: HandshakeAllThreads
Event: 0.680 Executing VM operation: HandshakeAllThreads done
Event: 0.681 Executing VM operation: HandshakeAllThreads
Event: 0.681 Executing VM operation: HandshakeAllThreads done
Event: 0.681 Executing VM operation: G1CollectForAllocation
Event: 0.684 Executing VM operation: G1CollectForAllocation done
Event: 0.711 Executing VM operation: HandshakeAllThreads
Event: 0.711 Executing VM operation: HandshakeAllThreads done
Event: 0.730 Executing VM operation: HandshakeAllThreads
Event: 0.730 Executing VM operation: HandshakeAllThreads done

Events (20 events):
Event: 0.711 loading class sun/reflect/generics/scope/MethodScope
Event: 0.711 loading class sun/reflect/generics/scope/MethodScope done
Event: 0.711 loading class sun/reflect/generics/repository/MethodRepository
Event: 0.711 loading class sun/reflect/generics/repository/MethodRepository done
Event: 0.726 loading class java/util/ConcurrentModificationException
Event: 0.726 loading class java/util/ConcurrentModificationException done
Event: 0.732 loading class jdk/internal/reflect/UnsafeObjectFieldAccessorImpl
Event: 0.732 loading class jdk/internal/reflect/UnsafeObjectFieldAccessorImpl done
Event: 0.742 loading class java/lang/ClassFormatError
Event: 0.742 loading class java/lang/ClassFormatError done
Event: 0.771 loading class java/util/concurrent/ThreadPoolExecutor
Event: 0.771 loading class java/util/concurrent/ThreadPoolExecutor done
Event: 0.771 loading class java/util/concurrent/ThreadPoolExecutor$AbortPolicy
Event: 0.772 loading class java/util/concurrent/RejectedExecutionHandler
Event: 0.772 loading class java/util/concurrent/RejectedExecutionHandler done
Event: 0.772 loading class java/util/concurrent/ThreadPoolExecutor$AbortPolicy done
Event: 0.788 loading class java/security/Key
Event: 0.788 loading class java/security/Key done
Event: 0.788 loading class java/security/spec/AlgorithmParameterSpec
Event: 0.788 loading class java/security/spec/AlgorithmParameterSpec done


Dynamic libraries:
0x00007ff7fd3b0000 - 0x00007ff7fd3c0000 	C:\Program Files\Java\jdk-17\bin\java.exe
0x00007ffd9e1f0000 - 0x00007ffd9e404000 	C:\windows\SYSTEM32\ntdll.dll
0x00007ffd9cca0000 - 0x00007ffd9cd63000 	C:\windows\System32\KERNEL32.DLL
0x00007ffd9bc60000 - 0x00007ffd9bffc000 	C:\windows\System32\KERNELBASE.dll
0x00007ffd9bb40000 - 0x00007ffd9bc51000 	C:\windows\System32\ucrtbase.dll
0x00007ffd6a880000 - 0x00007ffd6a898000 	C:\Program Files\Java\jdk-17\bin\jli.dll
0x00007ffd6f6c0000 - 0x00007ffd6f6db000 	C:\Program Files\Java\jdk-17\bin\VCRUNTIME140.dll
0x00007ffd9c2c0000 - 0x00007ffd9c36e000 	C:\windows\System32\ADVAPI32.dll
0x00007ffd9c000000 - 0x00007ffd9c0a7000 	C:\windows\System32\msvcrt.dll
0x00007ffd9c930000 - 0x00007ffd9c9d4000 	C:\windows\System32\sechost.dll
0x00007ffd9c5a0000 - 0x00007ffd9c6b5000 	C:\windows\System32\RPCRT4.dll
0x00007ffd9caf0000 - 0x00007ffd9cc9d000 	C:\windows\System32\USER32.dll
0x00007ffd9b970000 - 0x00007ffd9b996000 	C:\windows\System32\win32u.dll
0x00007ffd80890000 - 0x00007ffd80b1e000 	C:\windows\WinSxS\amd64_microsoft.windows.common-controls_6595b64144ccf1df_6.0.22621.608_none_a9444ca7c10bb01d\COMCTL32.dll
0x00007ffd9cd70000 - 0x00007ffd9cd99000 	C:\windows\System32\GDI32.dll
0x00007ffd9b9a0000 - 0x00007ffd9bab3000 	C:\windows\System32\gdi32full.dll
0x00007ffd9b7a0000 - 0x00007ffd9b83a000 	C:\windows\System32\msvcp_win.dll
0x00007ffd93ee0000 - 0x00007ffd93eea000 	C:\windows\SYSTEM32\VERSION.dll
0x00007ffd9dd50000 - 0x00007ffd9dd81000 	C:\windows\System32\IMM32.DLL
0x00007ffd969c0000 - 0x00007ffd969cc000 	C:\Program Files\Java\jdk-17\bin\vcruntime140_1.dll
0x00007ffd51d90000 - 0x00007ffd51e1e000 	C:\Program Files\Java\jdk-17\bin\msvcp140.dll
0x00007ffd27470000 - 0x00007ffd28047000 	C:\Program Files\Java\jdk-17\bin\server\jvm.dll
0x00007ffd9c7e0000 - 0x00007ffd9c7e8000 	C:\windows\System32\PSAPI.DLL
0x00007ffd91f30000 - 0x00007ffd91f64000 	C:\windows\SYSTEM32\WINMM.dll
0x00007ffd93b90000 - 0x00007ffd93b99000 	C:\windows\SYSTEM32\WSOCK32.dll
0x00007ffd9c9e0000 - 0x00007ffd9ca51000 	C:\windows\System32\WS2_32.dll
0x00007ffd9a6b0000 - 0x00007ffd9a6c8000 	C:\windows\SYSTEM32\kernel.appcore.dll
0x00007ffd6b0f0000 - 0x00007ffd6b0fa000 	C:\Program Files\Java\jdk-17\bin\jimage.dll
0x00007ffd8e930000 - 0x00007ffd8eb5e000 	C:\windows\SYSTEM32\DBGHELP.DLL
0x00007ffd9de20000 - 0x00007ffd9e1a9000 	C:\windows\System32\combase.dll
0x00007ffd9c850000 - 0x00007ffd9c927000 	C:\windows\System32\OLEAUT32.dll
0x00007ffd82460000 - 0x00007ffd82492000 	C:\windows\SYSTEM32\dbgcore.DLL
0x00007ffd9bac0000 - 0x00007ffd9bb3b000 	C:\windows\System32\bcryptPrimitives.dll
0x00007ffd84b10000 - 0x00007ffd84b1e000 	C:\Program Files\Java\jdk-17\bin\instrument.dll
0x00007ffd69d20000 - 0x00007ffd69d45000 	C:\Program Files\Java\jdk-17\bin\java.dll
0x00007ffd27390000 - 0x00007ffd27467000 	C:\Program Files\Java\jdk-17\bin\jsvml.dll
0x00007ffd9d560000 - 0x00007ffd9dd50000 	C:\windows\System32\SHELL32.dll
0x00007ffd99600000 - 0x00007ffd99ece000 	C:\windows\SYSTEM32\windows.storage.dll
0x00007ffd994c0000 - 0x00007ffd995fe000 	C:\windows\SYSTEM32\wintypes.dll
0x00007ffd9d3e0000 - 0x00007ffd9d4d1000 	C:\windows\System32\SHCORE.dll
0x00007ffd9c7f0000 - 0x00007ffd9c84e000 	C:\windows\System32\shlwapi.dll
0x00007ffd9b560000 - 0x00007ffd9b581000 	C:\windows\SYSTEM32\profapi.dll
0x00007ffd69c60000 - 0x00007ffd69c78000 	C:\Program Files\Java\jdk-17\bin\zip.dll
0x00007ffd69ca0000 - 0x00007ffd69cb9000 	C:\Program Files\Java\jdk-17\bin\net.dll
0x00007ffd95300000 - 0x00007ffd9542f000 	C:\windows\SYSTEM32\WINHTTP.dll
0x00007ffd9abb0000 - 0x00007ffd9ac19000 	C:\windows\system32\mswsock.dll
0x00007ffd69c80000 - 0x00007ffd69c96000 	C:\Program Files\Java\jdk-17\bin\nio.dll
0x00007ffd74a00000 - 0x00007ffd74a1a000 	C:\Program Files\JetBrains\IntelliJ IDEA Community Edition 2022.3.3\bin\breakgen64.dll
0x00007ffd69a90000 - 0x00007ffd69aa0000 	C:\Program Files\Java\jdk-17\bin\verify.dll
0x00007ffd9ae40000 - 0x00007ffd9ae5b000 	C:\windows\SYSTEM32\CRYPTSP.dll
0x00007ffd9a6d0000 - 0x00007ffd9a705000 	C:\windows\system32\rsaenh.dll
0x00007ffd9acc0000 - 0x00007ffd9ace8000 	C:\windows\SYSTEM32\USERENV.dll
0x00007ffd9afe0000 - 0x00007ffd9b008000 	C:\windows\SYSTEM32\bcrypt.dll
0x00007ffd9ae60000 - 0x00007ffd9ae6c000 	C:\windows\SYSTEM32\CRYPTBASE.dll
0x00007ffd9a190000 - 0x00007ffd9a1bd000 	C:\windows\SYSTEM32\IPHLPAPI.DLL
0x00007ffd9ca60000 - 0x00007ffd9ca69000 	C:\windows\System32\NSI.dll
0x00007ffd952e0000 - 0x00007ffd952f9000 	C:\windows\SYSTEM32\dhcpcsvc6.DLL
0x00007ffd94ba0000 - 0x00007ffd94bbf000 	C:\windows\SYSTEM32\dhcpcsvc.DLL
0x00007ffd9a200000 - 0x00007ffd9a2f3000 	C:\windows\SYSTEM32\DNSAPI.dll
0x00007ffd827e0000 - 0x00007ffd827ea000 	C:\Users\perre\AppData\Local\Temp\jansi-1.17.1-9364717663611216735.dll

dbghelp: loaded successfully - version: 4.0.5 - missing functions: none
symbol engine: initialized successfully - sym options: 0x614 - pdb path: .;C:\Program Files\Java\jdk-17\bin;C:\windows\SYSTEM32;C:\windows\WinSxS\amd64_microsoft.windows.common-controls_6595b64144ccf1df_6.0.22621.608_none_a9444ca7c10bb01d;C:\Program Files\Java\jdk-17\bin\server;C:\Program Files\JetBrains\IntelliJ IDEA Community Edition 2022.3.3\bin;C:\Users\perre\AppData\Local\Temp

VM Arguments:
jvm_args: -Dmaven.multiModuleProjectDirectory=C:\Users\perre\Documents\xpSave -Djansi.passthrough=true -Dmaven.home=C:\Program Files\JetBrains\IntelliJ IDEA Community Edition 2022.3.3\plugins\maven\lib\maven3 -Dclassworlds.conf=C:\Program Files\JetBrains\IntelliJ IDEA Community Edition 2022.3.3\plugins\maven\lib\maven3\bin\m2.conf -Dmaven.ext.class.path=C:\Program Files\JetBrains\IntelliJ IDEA Community Edition 2022.3.3\plugins\maven\lib\maven-event-listener.jar -javaagent:C:\Program Files\JetBrains\IntelliJ IDEA Community Edition 2022.3.3\lib\idea_rt.jar=64480:C:\Program Files\JetBrains\IntelliJ IDEA Community Edition 2022.3.3\bin -Dfile.encoding=UTF-8 
java_command: org.codehaus.classworlds.Launcher -Didea.version=2022.3.3 package
java_class_path (initial): C:\Program Files\JetBrains\IntelliJ IDEA Community Edition 2022.3.3\plugins\maven\lib\maven3\boot\plexus-classworlds-2.6.0.jar;C:\Program Files\JetBrains\IntelliJ IDEA Community Edition 2022.3.3\plugins\maven\lib\maven3\boot\plexus-classworlds.license
Launcher Type: SUN_STANDARD

[Global flags]
     intx CICompilerCount                          = 12                                        {product} {ergonomic}
     uint ConcGCThreads                            = 4                                         {product} {ergonomic}
     uint G1ConcRefinementThreads                  = 15                                        {product} {ergonomic}
   size_t G1HeapRegionSize                         = 2097152                                   {product} {ergonomic}
    uintx GCDrainStackTargetSize                   = 64                                        {product} {ergonomic}
   size_t InitialHeapSize                          = 264241152                                 {product} {ergonomic}
   size_t MarkStackSize                            = 4194304                                   {product} {ergonomic}
   size_t MaxHeapSize                              = 4219469824                                {product} {ergonomic}
   size_t MaxNewSize                               = 2531262464                                {product} {ergonomic}
   size_t MinHeapDeltaBytes                        = 2097152                                   {product} {ergonomic}
   size_t MinHeapSize                              = 8388608                                   {product} {ergonomic}
    uintx NonNMethodCodeHeapSize                   = 7602480                                {pd product} {ergonomic}
    uintx NonProfiledCodeHeapSize                  = 122027880                              {pd product} {ergonomic}
    uintx ProfiledCodeHeapSize                     = 122027880                              {pd product} {ergonomic}
    uintx ReservedCodeCacheSize                    = 251658240                              {pd product} {ergonomic}
     bool SegmentedCodeCache                       = true                                      {product} {ergonomic}
   size_t SoftMaxHeapSize                          = 4219469824                             {manageable} {ergonomic}
     bool UseCompressedClassPointers               = true                           {product lp64_product} {ergonomic}
     bool UseCompressedOops                        = true                           {product lp64_product} {ergonomic}
     bool UseG1GC                                  = true                                      {product} {ergonomic}
     bool UseLargePagesIndividualAllocation        = false                                  {pd product} {ergonomic}

Logging:
Log output configuration:
 #0: stdout all=warning uptime,level,tags
 #1: stderr all=off uptime,level,tags

Environment Variables:
PATH=C:\Program Files\Common Files\Oracle\Java\javapath;C:\windows\system32;C:\windows;C:\windows\System32\Wbem;C:\windows\System32\WindowsPowerShell\v1.0\;C:\windows\System32\OpenSSH\;C:\Program Files (x86)\NVIDIA Corporation\PhysX\Common;C:\Program Files\NVIDIA Corporation\NVIDIA NvDLISR;C:\Program Files\dotnet\;C:\Program Files\Git\cmd;C:\Users\perre\anaconda3;C:\Users\perre\anaconda3\Library\mingw-w64\bin;C:\Users\perre\anaconda3\Library\usr\bin;C:\Users\perre\anaconda3\Library\bin;C:\Users\perre\anaconda3\Scripts;C:\Users\perre\AppData\Local\Microsoft\WindowsApps;C:\Users\perre\AppData\Local\Programs\Microsoft VS Code\bin;C:\Users\perre\Downloads\gifsicle;C:\Program Files\JetBrains\IntelliJ IDEA Community Edition 2022.3.3\bin;;C:\Program Files\CMake\bin;C:\Users\perre\Downloads\mingw64\bin;
USERNAME=perre
OS=Windows_NT
PROCESSOR_IDENTIFIER=Intel64 Family 6 Model 154 Stepping 3, GenuineIntel



---------------  S Y S T E M  ---------------

OS:
 Windows 11 , 64 bit Build 22621 (10.0.22621.1344)
OS uptime: 0 days 11:48 hours
Hyper-V role detected

CPU: total 20 (initial active 20) (10 cores per cpu, 2 threads per core) family 6 model 154 stepping 3 microcode 0x421, cx8, cmov, fxsr, ht, mmx, 3dnowpref, sse, sse2, sse3, ssse3, sse4.1, sse4.2, popcnt, lzcnt, tsc, tscinvbit, avx, avx2, aes, erms, clmul, bmi1, bmi2, adx, sha, fma, vzeroupper, clflush, clflushopt, clwb, hv

Memory: 4k page, system-wide physical 16088M (1458M free)
TotalPageFile size 65240M (AvailPageFile size 6M)
current process WorkingSet (physical memory assigned to process): 114M, peak: 118M
current process commit charge ("private bytes"): 391M, peak: 395M

vm_info: Java HotSpot(TM) 64-Bit Server VM (17.0.6+9-LTS-190) for windows-amd64 JRE (17.0.6+9-LTS-190), built on Dec  6 2022 15:53:54 by "mach5one" with MS VC++ 17.1 (VS2022)

END.
